The target system is: Windows -  - x86_64
The host system is: Linux - 5.15.167.4-microsoft-standard-WSL2 - x86_64
Compiling the CXX compiler identification source file "CMakeCXXCompilerId.cpp" succeeded.
Compiler: /usr/bin/x86_64-w64-mingw32-g++ 
Build flags: ;-static-libgcc;-static-libstdc++;-D_USE_MATH_DEFINES;-static-libgcc;-static-libstdc++;-D_USE_MATH_DEFINES
Id flags:  

The output was:
0


Compilation of the CXX compiler identification source "CMakeCXXCompilerId.cpp" produced "a.exe"

The CXX compiler identification is GNU, found in "/home/miyoshi/workspace/wsCpp/AdvCAD-0.12b/build-windows/CMakeFiles/3.16.3/CompilerIdCXX/a.exe"

Determining if the CXX compiler works passed with the following output:
Change Dir: /home/miyoshi/workspace/wsCpp/AdvCAD-0.12b/build-windows/CMakeFiles/CMakeTmp

Run Build Command(s):/usr/bin/make cmTC_87cb5/fast && /usr/bin/make -f CMakeFiles/cmTC_87cb5.dir/build.make CMakeFiles/cmTC_87cb5.dir/build
make[1]: Entering directory '/home/miyoshi/workspace/wsCpp/AdvCAD-0.12b/build-windows/CMakeFiles/CMakeTmp'
Building CXX object CMakeFiles/cmTC_87cb5.dir/testCXXCompiler.cxx.obj
/usr/bin/x86_64-w64-mingw32-g++    -static-libgcc -static-libstdc++ -D_USE_MATH_DEFINES -static-libgcc -static-libstdc++ -D_USE_MATH_DEFINES    -o CMakeFiles/cmTC_87cb5.dir/testCXXCompiler.cxx.obj -c /home/miyoshi/workspace/wsCpp/AdvCAD-0.12b/build-windows/CMakeFiles/CMakeTmp/testCXXCompiler.cxx
Linking CXX executable cmTC_87cb5.exe
/usr/bin/cmake -E cmake_link_script CMakeFiles/cmTC_87cb5.dir/link.txt --verbose=1
/usr/bin/cmake -E remove -f CMakeFiles/cmTC_87cb5.dir/objects.a
/usr/bin/x86_64-w64-mingw32-ar cr CMakeFiles/cmTC_87cb5.dir/objects.a @CMakeFiles/cmTC_87cb5.dir/objects1.rsp
/usr/bin/x86_64-w64-mingw32-g++  -static-libgcc -static-libstdc++ -D_USE_MATH_DEFINES -static-libgcc -static-libstdc++ -D_USE_MATH_DEFINES    -static -static  -Wl,--whole-archive CMakeFiles/cmTC_87cb5.dir/objects.a -Wl,--no-whole-archive  -o cmTC_87cb5.exe -Wl,--out-implib,libcmTC_87cb5.dll.a -Wl,--major-image-version,0,--minor-image-version,0 @CMakeFiles/cmTC_87cb5.dir/linklibs.rsp
make[1]: Leaving directory '/home/miyoshi/workspace/wsCpp/AdvCAD-0.12b/build-windows/CMakeFiles/CMakeTmp'



Detecting CXX compiler ABI info compiled with the following output:
Change Dir: /home/miyoshi/workspace/wsCpp/AdvCAD-0.12b/build-windows/CMakeFiles/CMakeTmp

Run Build Command(s):/usr/bin/make cmTC_eb5d0/fast && /usr/bin/make -f CMakeFiles/cmTC_eb5d0.dir/build.make CMakeFiles/cmTC_eb5d0.dir/build
make[1]: Entering directory '/home/miyoshi/workspace/wsCpp/AdvCAD-0.12b/build-windows/CMakeFiles/CMakeTmp'
Building CXX object CMakeFiles/cmTC_eb5d0.dir/CMakeCXXCompilerABI.cpp.obj
/usr/bin/x86_64-w64-mingw32-g++    -static-libgcc -static-libstdc++ -D_USE_MATH_DEFINES -static-libgcc -static-libstdc++ -D_USE_MATH_DEFINES    -v -o CMakeFiles/cmTC_eb5d0.dir/CMakeCXXCompilerABI.cpp.obj -c /usr/share/cmake-3.16/Modules/CMakeCXXCompilerABI.cpp
Using built-in specs.
COLLECT_GCC=/usr/bin/x86_64-w64-mingw32-g++
Target: x86_64-w64-mingw32
Configured with: ../../src/configure --build=x86_64-linux-gnu --prefix=/usr --includedir='/usr/include' --mandir='/usr/share/man' --infodir='/usr/share/info' --sysconfdir=/etc --localstatedir=/var --disable-silent-rules --libdir='/usr/lib/x86_64-linux-gnu' --libexecdir='/usr/lib/x86_64-linux-gnu' --disable-maintainer-mode --disable-dependency-tracking --prefix=/usr --enable-shared --enable-static --disable-multilib --with-system-zlib --libexecdir=/usr/lib --without-included-gettext --libdir=/usr/lib --enable-libstdcxx-time=yes --with-tune=generic --with-headers=/usr/x86_64-w64-mingw32/include --enable-version-specific-runtime-libs --enable-fully-dynamic-string --enable-libgomp --enable-languages=c,c++,fortran,objc,obj-c++,ada --enable-lto --enable-threads=win32 --program-suffix=-win32 --program-prefix=x86_64-w64-mingw32- --target=x86_64-w64-mingw32 --with-as=/usr/bin/x86_64-w64-mingw32-as --with-ld=/usr/bin/x86_64-w64-mingw32-ld --enable-libatomic --enable-libstdcxx-filesystem-ts=yes --enable-dependency-tracking
Thread model: win32
gcc version 9.3-win32 20200320 (GCC) 
COLLECT_GCC_OPTIONS='-static-libgcc' '-D' '_USE_MATH_DEFINES' '-static-libgcc' '-D' '_USE_MATH_DEFINES' '-v' '-o' 'CMakeFiles/cmTC_eb5d0.dir/CMakeCXXCompilerABI.cpp.obj' '-c' '-mtune=generic' '-march=x86-64'
 /usr/lib/gcc/x86_64-w64-mingw32/9.3-win32/cc1plus -quiet -v -U_REENTRANT -D _USE_MATH_DEFINES -D _USE_MATH_DEFINES /usr/share/cmake-3.16/Modules/CMakeCXXCompilerABI.cpp -quiet -dumpbase CMakeCXXCompilerABI.cpp -mtune=generic -march=x86-64 -auxbase-strip CMakeFiles/cmTC_eb5d0.dir/CMakeCXXCompilerABI.cpp.obj -version -o /tmp/cc3snr9B.s
GNU C++14 (GCC) version 9.3-win32 20200320 (x86_64-w64-mingw32)
	compiled by GNU C version 9.3.0, GMP version 6.2.0, MPFR version 4.0.2, MPC version 1.1.0, isl version isl-0.22.1-GMP

GGC heuristics: --param ggc-min-expand=100 --param ggc-min-heapsize=131072
ignoring nonexistent directory "/usr/lib/gcc/x86_64-w64-mingw32/9.3-win32/../../../../x86_64-w64-mingw32/sys-include"
#include "..." search starts here:
#include <...> search starts here:
 /usr/lib/gcc/x86_64-w64-mingw32/9.3-win32/include/c++
 /usr/lib/gcc/x86_64-w64-mingw32/9.3-win32/include/c++/x86_64-w64-mingw32
 /usr/lib/gcc/x86_64-w64-mingw32/9.3-win32/include/c++/backward
 /usr/lib/gcc/x86_64-w64-mingw32/9.3-win32/include
 /usr/lib/gcc/x86_64-w64-mingw32/9.3-win32/include-fixed
 /usr/lib/gcc/x86_64-w64-mingw32/9.3-win32/../../../../x86_64-w64-mingw32/include
End of search list.
GNU C++14 (GCC) version 9.3-win32 20200320 (x86_64-w64-mingw32)
	compiled by GNU C version 9.3.0, GMP version 6.2.0, MPFR version 4.0.2, MPC version 1.1.0, isl version isl-0.22.1-GMP

GGC heuristics: --param ggc-min-expand=100 --param ggc-min-heapsize=131072
Compiler executable checksum: d7836c7d3b98738076e9d0390d68a018
COLLECT_GCC_OPTIONS='-static-libgcc' '-D' '_USE_MATH_DEFINES' '-static-libgcc' '-D' '_USE_MATH_DEFINES' '-v' '-o' 'CMakeFiles/cmTC_eb5d0.dir/CMakeCXXCompilerABI.cpp.obj' '-c' '-mtune=generic' '-march=x86-64'
 /usr/bin/x86_64-w64-mingw32-as -v -o CMakeFiles/cmTC_eb5d0.dir/CMakeCXXCompilerABI.cpp.obj /tmp/cc3snr9B.s
GNU assembler version 2.34 (x86_64-w64-mingw32) using BFD version (GNU Binutils) 2.34
COMPILER_PATH=/usr/lib/gcc/x86_64-w64-mingw32/9.3-win32/:/usr/lib/gcc/x86_64-w64-mingw32/9.3-win32/:/usr/lib/gcc/x86_64-w64-mingw32/:/usr/lib/gcc/x86_64-w64-mingw32/9.3-win32/:/usr/lib/gcc/x86_64-w64-mingw32/:/usr/lib/gcc/x86_64-w64-mingw32/9.3-win32/../../../../x86_64-w64-mingw32/bin/
LIBRARY_PATH=/usr/lib/gcc/x86_64-w64-mingw32/9.3-win32/:/usr/lib/gcc/x86_64-w64-mingw32/9.3-win32/../../../../x86_64-w64-mingw32/lib/
COLLECT_GCC_OPTIONS='-static-libgcc' '-D' '_USE_MATH_DEFINES' '-static-libgcc' '-D' '_USE_MATH_DEFINES' '-v' '-o' 'CMakeFiles/cmTC_eb5d0.dir/CMakeCXXCompilerABI.cpp.obj' '-c' '-mtune=generic' '-march=x86-64'
Linking CXX executable cmTC_eb5d0.exe
/usr/bin/cmake -E cmake_link_script CMakeFiles/cmTC_eb5d0.dir/link.txt --verbose=1
/usr/bin/cmake -E remove -f CMakeFiles/cmTC_eb5d0.dir/objects.a
/usr/bin/x86_64-w64-mingw32-ar cr CMakeFiles/cmTC_eb5d0.dir/objects.a @CMakeFiles/cmTC_eb5d0.dir/objects1.rsp
/usr/bin/x86_64-w64-mingw32-g++  -static-libgcc -static-libstdc++ -D_USE_MATH_DEFINES -static-libgcc -static-libstdc++ -D_USE_MATH_DEFINES    -static -static -v -Wl,--whole-archive CMakeFiles/cmTC_eb5d0.dir/objects.a -Wl,--no-whole-archive  -o cmTC_eb5d0.exe -Wl,--out-implib,libcmTC_eb5d0.dll.a -Wl,--major-image-version,0,--minor-image-version,0 
Using built-in specs.
COLLECT_GCC=/usr/bin/x86_64-w64-mingw32-g++
COLLECT_LTO_WRAPPER=/usr/lib/gcc/x86_64-w64-mingw32/9.3-win32/lto-wrapper
Target: x86_64-w64-mingw32
Configured with: ../../src/configure --build=x86_64-linux-gnu --prefix=/usr --includedir='/usr/include' --mandir='/usr/share/man' --infodir='/usr/share/info' --sysconfdir=/etc --localstatedir=/var --disable-silent-rules --libdir='/usr/lib/x86_64-linux-gnu' --libexecdir='/usr/lib/x86_64-linux-gnu' --disable-maintainer-mode --disable-dependency-tracking --prefix=/usr --enable-shared --enable-static --disable-multilib --with-system-zlib --libexecdir=/usr/lib --without-included-gettext --libdir=/usr/lib --enable-libstdcxx-time=yes --with-tune=generic --with-headers=/usr/x86_64-w64-mingw32/include --enable-version-specific-runtime-libs --enable-fully-dynamic-string --enable-libgomp --enable-languages=c,c++,fortran,objc,obj-c++,ada --enable-lto --enable-threads=win32 --program-suffix=-win32 --program-prefix=x86_64-w64-mingw32- --target=x86_64-w64-mingw32 --with-as=/usr/bin/x86_64-w64-mingw32-as --with-ld=/usr/bin/x86_64-w64-mingw32-ld --enable-libatomic --enable-libstdcxx-filesystem-ts=yes --enable-dependency-tracking
Thread model: win32
gcc version 9.3-win32 20200320 (GCC) 
COMPILER_PATH=/usr/lib/gcc/x86_64-w64-mingw32/9.3-win32/:/usr/lib/gcc/x86_64-w64-mingw32/9.3-win32/:/usr/lib/gcc/x86_64-w64-mingw32/:/usr/lib/gcc/x86_64-w64-mingw32/9.3-win32/:/usr/lib/gcc/x86_64-w64-mingw32/:/usr/lib/gcc/x86_64-w64-mingw32/9.3-win32/../../../../x86_64-w64-mingw32/bin/
LIBRARY_PATH=/usr/lib/gcc/x86_64-w64-mingw32/9.3-win32/:/usr/lib/gcc/x86_64-w64-mingw32/9.3-win32/../../../../x86_64-w64-mingw32/lib/
COLLECT_GCC_OPTIONS='-static-libgcc' '-D' '_USE_MATH_DEFINES' '-static-libgcc' '-D' '_USE_MATH_DEFINES' '-static' '-static' '-v' '-o' 'cmTC_eb5d0.exe' '-mtune=generic' '-march=x86-64'
 /usr/lib/gcc/x86_64-w64-mingw32/9.3-win32/collect2 -plugin /usr/lib/gcc/x86_64-w64-mingw32/9.3-win32/liblto_plugin.so -plugin-opt=/usr/lib/gcc/x86_64-w64-mingw32/9.3-win32/lto-wrapper -plugin-opt=-fresolution=/tmp/ccBUAnCb.res -plugin-opt=-pass-through=-lmingw32 -plugin-opt=-pass-through=-lgcc -plugin-opt=-pass-through=-lgcc_eh -plugin-opt=-pass-through=-lmoldname -plugin-opt=-pass-through=-lmingwex -plugin-opt=-pass-through=-lmsvcrt -plugin-opt=-pass-through=-ladvapi32 -plugin-opt=-pass-through=-lshell32 -plugin-opt=-pass-through=-luser32 -plugin-opt=-pass-through=-lkernel32 -plugin-opt=-pass-through=-lmingw32 -plugin-opt=-pass-through=-lgcc -plugin-opt=-pass-through=-lgcc_eh -plugin-opt=-pass-through=-lmoldname -plugin-opt=-pass-through=-lmingwex -plugin-opt=-pass-through=-lmsvcrt -m i386pep -Bstatic -o cmTC_eb5d0.exe /usr/lib/gcc/x86_64-w64-mingw32/9.3-win32/../../../../x86_64-w64-mingw32/lib/crt2.o /usr/lib/gcc/x86_64-w64-mingw32/9.3-win32/crtbegin.o -L/usr/lib/gcc/x86_64-w64-mingw32/9.3-win32 -L/usr/lib/gcc/x86_64-w64-mingw32/9.3-win32/../../../../x86_64-w64-mingw32/lib --whole-archive CMakeFiles/cmTC_eb5d0.dir/objects.a --no-whole-archive --out-implib libcmTC_eb5d0.dll.a --major-image-version 0 --minor-image-version 0 -lstdc++ -lmingw32 -lgcc -lgcc_eh -lmoldname -lmingwex -lmsvcrt -ladvapi32 -lshell32 -luser32 -lkernel32 -lmingw32 -lgcc -lgcc_eh -lmoldname -lmingwex -lmsvcrt /usr/lib/gcc/x86_64-w64-mingw32/9.3-win32/crtend.o
COLLECT_GCC_OPTIONS='-static-libgcc' '-D' '_USE_MATH_DEFINES' '-static-libgcc' '-D' '_USE_MATH_DEFINES' '-static' '-static' '-v' '-o' 'cmTC_eb5d0.exe' '-mtune=generic' '-march=x86-64'
make[1]: Leaving directory '/home/miyoshi/workspace/wsCpp/AdvCAD-0.12b/build-windows/CMakeFiles/CMakeTmp'



Parsed CXX implicit include dir info from above output: rv=done
  found start of include info
  found start of implicit include info
    add: [/usr/lib/gcc/x86_64-w64-mingw32/9.3-win32/include/c++]
    add: [/usr/lib/gcc/x86_64-w64-mingw32/9.3-win32/include/c++/x86_64-w64-mingw32]
    add: [/usr/lib/gcc/x86_64-w64-mingw32/9.3-win32/include/c++/backward]
    add: [/usr/lib/gcc/x86_64-w64-mingw32/9.3-win32/include]
    add: [/usr/lib/gcc/x86_64-w64-mingw32/9.3-win32/include-fixed]
    add: [/usr/lib/gcc/x86_64-w64-mingw32/9.3-win32/../../../../x86_64-w64-mingw32/include]
  end of search list found
  collapse include dir [/usr/lib/gcc/x86_64-w64-mingw32/9.3-win32/include/c++] ==> [/usr/lib/gcc/x86_64-w64-mingw32/9.3-win32/include/c++]
  collapse include dir [/usr/lib/gcc/x86_64-w64-mingw32/9.3-win32/include/c++/x86_64-w64-mingw32] ==> [/usr/lib/gcc/x86_64-w64-mingw32/9.3-win32/include/c++/x86_64-w64-mingw32]
  collapse include dir [/usr/lib/gcc/x86_64-w64-mingw32/9.3-win32/include/c++/backward] ==> [/usr/lib/gcc/x86_64-w64-mingw32/9.3-win32/include/c++/backward]
  collapse include dir [/usr/lib/gcc/x86_64-w64-mingw32/9.3-win32/include] ==> [/usr/lib/gcc/x86_64-w64-mingw32/9.3-win32/include]
  collapse include dir [/usr/lib/gcc/x86_64-w64-mingw32/9.3-win32/include-fixed] ==> [/usr/lib/gcc/x86_64-w64-mingw32/9.3-win32/include-fixed]
  collapse include dir [/usr/lib/gcc/x86_64-w64-mingw32/9.3-win32/../../../../x86_64-w64-mingw32/include] ==> [/usr/x86_64-w64-mingw32/include]
  implicit include dirs: [/usr/lib/gcc/x86_64-w64-mingw32/9.3-win32/include/c++;/usr/lib/gcc/x86_64-w64-mingw32/9.3-win32/include/c++/x86_64-w64-mingw32;/usr/lib/gcc/x86_64-w64-mingw32/9.3-win32/include/c++/backward;/usr/lib/gcc/x86_64-w64-mingw32/9.3-win32/include;/usr/lib/gcc/x86_64-w64-mingw32/9.3-win32/include-fixed;/usr/x86_64-w64-mingw32/include]


Parsed CXX implicit link information from above output:
  link line regex: [^( *|.*[/\])(x86_64-w64-mingw32-ld|CMAKE_LINK_STARTFILE-NOTFOUND|([^/\]+-)?ld|collect2)[^/\]*( |$)]
  ignore line: [Change Dir: /home/miyoshi/workspace/wsCpp/AdvCAD-0.12b/build-windows/CMakeFiles/CMakeTmp]
  ignore line: []
  ignore line: [Run Build Command(s):/usr/bin/make cmTC_eb5d0/fast && /usr/bin/make -f CMakeFiles/cmTC_eb5d0.dir/build.make CMakeFiles/cmTC_eb5d0.dir/build]
  ignore line: [make[1]: Entering directory '/home/miyoshi/workspace/wsCpp/AdvCAD-0.12b/build-windows/CMakeFiles/CMakeTmp']
  ignore line: [Building CXX object CMakeFiles/cmTC_eb5d0.dir/CMakeCXXCompilerABI.cpp.obj]
  ignore line: [/usr/bin/x86_64-w64-mingw32-g++    -static-libgcc -static-libstdc++ -D_USE_MATH_DEFINES -static-libgcc -static-libstdc++ -D_USE_MATH_DEFINES    -v -o CMakeFiles/cmTC_eb5d0.dir/CMakeCXXCompilerABI.cpp.obj -c /usr/share/cmake-3.16/Modules/CMakeCXXCompilerABI.cpp]
  ignore line: [Using built-in specs.]
  ignore line: [COLLECT_GCC=/usr/bin/x86_64-w64-mingw32-g++]
  ignore line: [Target: x86_64-w64-mingw32]
  ignore line: [Configured with: ../../src/configure --build=x86_64-linux-gnu --prefix=/usr --includedir='/usr/include' --mandir='/usr/share/man' --infodir='/usr/share/info' --sysconfdir=/etc --localstatedir=/var --disable-silent-rules --libdir='/usr/lib/x86_64-linux-gnu' --libexecdir='/usr/lib/x86_64-linux-gnu' --disable-maintainer-mode --disable-dependency-tracking --prefix=/usr --enable-shared --enable-static --disable-multilib --with-system-zlib --libexecdir=/usr/lib --without-included-gettext --libdir=/usr/lib --enable-libstdcxx-time=yes --with-tune=generic --with-headers=/usr/x86_64-w64-mingw32/include --enable-version-specific-runtime-libs --enable-fully-dynamic-string --enable-libgomp --enable-languages=c,c++,fortran,objc,obj-c++,ada --enable-lto --enable-threads=win32 --program-suffix=-win32 --program-prefix=x86_64-w64-mingw32- --target=x86_64-w64-mingw32 --with-as=/usr/bin/x86_64-w64-mingw32-as --with-ld=/usr/bin/x86_64-w64-mingw32-ld --enable-libatomic --enable-libstdcxx-filesystem-ts=yes --enable-dependency-tracking]
  ignore line: [Thread model: win32]
  ignore line: [gcc version 9.3-win32 20200320 (GCC) ]
  ignore line: [COLLECT_GCC_OPTIONS='-static-libgcc' '-D' '_USE_MATH_DEFINES' '-static-libgcc' '-D' '_USE_MATH_DEFINES' '-v' '-o' 'CMakeFiles/cmTC_eb5d0.dir/CMakeCXXCompilerABI.cpp.obj' '-c' '-mtune=generic' '-march=x86-64']
  ignore line: [ /usr/lib/gcc/x86_64-w64-mingw32/9.3-win32/cc1plus -quiet -v -U_REENTRANT -D _USE_MATH_DEFINES -D _USE_MATH_DEFINES /usr/share/cmake-3.16/Modules/CMakeCXXCompilerABI.cpp -quiet -dumpbase CMakeCXXCompilerABI.cpp -mtune=generic -march=x86-64 -auxbase-strip CMakeFiles/cmTC_eb5d0.dir/CMakeCXXCompilerABI.cpp.obj -version -o /tmp/cc3snr9B.s]
  ignore line: [GNU C++14 (GCC) version 9.3-win32 20200320 (x86_64-w64-mingw32)]
  ignore line: [	compiled by GNU C version 9.3.0  GMP version 6.2.0  MPFR version 4.0.2  MPC version 1.1.0  isl version isl-0.22.1-GMP]
  ignore line: []
  ignore line: [GGC heuristics: --param ggc-min-expand=100 --param ggc-min-heapsize=131072]
  ignore line: [ignoring nonexistent directory "/usr/lib/gcc/x86_64-w64-mingw32/9.3-win32/../../../../x86_64-w64-mingw32/sys-include"]
  ignore line: [#include "..." search starts here:]
  ignore line: [#include <...> search starts here:]
  ignore line: [ /usr/lib/gcc/x86_64-w64-mingw32/9.3-win32/include/c++]
  ignore line: [ /usr/lib/gcc/x86_64-w64-mingw32/9.3-win32/include/c++/x86_64-w64-mingw32]
  ignore line: [ /usr/lib/gcc/x86_64-w64-mingw32/9.3-win32/include/c++/backward]
  ignore line: [ /usr/lib/gcc/x86_64-w64-mingw32/9.3-win32/include]
  ignore line: [ /usr/lib/gcc/x86_64-w64-mingw32/9.3-win32/include-fixed]
  ignore line: [ /usr/lib/gcc/x86_64-w64-mingw32/9.3-win32/../../../../x86_64-w64-mingw32/include]
  ignore line: [End of search list.]
  ignore line: [GNU C++14 (GCC) version 9.3-win32 20200320 (x86_64-w64-mingw32)]
  ignore line: [	compiled by GNU C version 9.3.0  GMP version 6.2.0  MPFR version 4.0.2  MPC version 1.1.0  isl version isl-0.22.1-GMP]
  ignore line: []
  ignore line: [GGC heuristics: --param ggc-min-expand=100 --param ggc-min-heapsize=131072]
  ignore line: [Compiler executable checksum: d7836c7d3b98738076e9d0390d68a018]
  ignore line: [COLLECT_GCC_OPTIONS='-static-libgcc' '-D' '_USE_MATH_DEFINES' '-static-libgcc' '-D' '_USE_MATH_DEFINES' '-v' '-o' 'CMakeFiles/cmTC_eb5d0.dir/CMakeCXXCompilerABI.cpp.obj' '-c' '-mtune=generic' '-march=x86-64']
  ignore line: [ /usr/bin/x86_64-w64-mingw32-as -v -o CMakeFiles/cmTC_eb5d0.dir/CMakeCXXCompilerABI.cpp.obj /tmp/cc3snr9B.s]
  ignore line: [GNU assembler version 2.34 (x86_64-w64-mingw32) using BFD version (GNU Binutils) 2.34]
  ignore line: [COMPILER_PATH=/usr/lib/gcc/x86_64-w64-mingw32/9.3-win32/:/usr/lib/gcc/x86_64-w64-mingw32/9.3-win32/:/usr/lib/gcc/x86_64-w64-mingw32/:/usr/lib/gcc/x86_64-w64-mingw32/9.3-win32/:/usr/lib/gcc/x86_64-w64-mingw32/:/usr/lib/gcc/x86_64-w64-mingw32/9.3-win32/../../../../x86_64-w64-mingw32/bin/]
  ignore line: [LIBRARY_PATH=/usr/lib/gcc/x86_64-w64-mingw32/9.3-win32/:/usr/lib/gcc/x86_64-w64-mingw32/9.3-win32/../../../../x86_64-w64-mingw32/lib/]
  ignore line: [COLLECT_GCC_OPTIONS='-static-libgcc' '-D' '_USE_MATH_DEFINES' '-static-libgcc' '-D' '_USE_MATH_DEFINES' '-v' '-o' 'CMakeFiles/cmTC_eb5d0.dir/CMakeCXXCompilerABI.cpp.obj' '-c' '-mtune=generic' '-march=x86-64']
  ignore line: [Linking CXX executable cmTC_eb5d0.exe]
  ignore line: [/usr/bin/cmake -E cmake_link_script CMakeFiles/cmTC_eb5d0.dir/link.txt --verbose=1]
  ignore line: [/usr/bin/cmake -E remove -f CMakeFiles/cmTC_eb5d0.dir/objects.a]
  ignore line: [/usr/bin/x86_64-w64-mingw32-ar cr CMakeFiles/cmTC_eb5d0.dir/objects.a @CMakeFiles/cmTC_eb5d0.dir/objects1.rsp]
  ignore line: [/usr/bin/x86_64-w64-mingw32-g++  -static-libgcc -static-libstdc++ -D_USE_MATH_DEFINES -static-libgcc -static-libstdc++ -D_USE_MATH_DEFINES    -static -static -v -Wl --whole-archive CMakeFiles/cmTC_eb5d0.dir/objects.a -Wl --no-whole-archive  -o cmTC_eb5d0.exe -Wl --out-implib libcmTC_eb5d0.dll.a -Wl --major-image-version 0 --minor-image-version 0 ]
  ignore line: [Using built-in specs.]
  ignore line: [COLLECT_GCC=/usr/bin/x86_64-w64-mingw32-g++]
  ignore line: [COLLECT_LTO_WRAPPER=/usr/lib/gcc/x86_64-w64-mingw32/9.3-win32/lto-wrapper]
  ignore line: [Target: x86_64-w64-mingw32]
  ignore line: [Configured with: ../../src/configure --build=x86_64-linux-gnu --prefix=/usr --includedir='/usr/include' --mandir='/usr/share/man' --infodir='/usr/share/info' --sysconfdir=/etc --localstatedir=/var --disable-silent-rules --libdir='/usr/lib/x86_64-linux-gnu' --libexecdir='/usr/lib/x86_64-linux-gnu' --disable-maintainer-mode --disable-dependency-tracking --prefix=/usr --enable-shared --enable-static --disable-multilib --with-system-zlib --libexecdir=/usr/lib --without-included-gettext --libdir=/usr/lib --enable-libstdcxx-time=yes --with-tune=generic --with-headers=/usr/x86_64-w64-mingw32/include --enable-version-specific-runtime-libs --enable-fully-dynamic-string --enable-libgomp --enable-languages=c,c++,fortran,objc,obj-c++,ada --enable-lto --enable-threads=win32 --program-suffix=-win32 --program-prefix=x86_64-w64-mingw32- --target=x86_64-w64-mingw32 --with-as=/usr/bin/x86_64-w64-mingw32-as --with-ld=/usr/bin/x86_64-w64-mingw32-ld --enable-libatomic --enable-libstdcxx-filesystem-ts=yes --enable-dependency-tracking]
  ignore line: [Thread model: win32]
  ignore line: [gcc version 9.3-win32 20200320 (GCC) ]
  ignore line: [COMPILER_PATH=/usr/lib/gcc/x86_64-w64-mingw32/9.3-win32/:/usr/lib/gcc/x86_64-w64-mingw32/9.3-win32/:/usr/lib/gcc/x86_64-w64-mingw32/:/usr/lib/gcc/x86_64-w64-mingw32/9.3-win32/:/usr/lib/gcc/x86_64-w64-mingw32/:/usr/lib/gcc/x86_64-w64-mingw32/9.3-win32/../../../../x86_64-w64-mingw32/bin/]
  ignore line: [LIBRARY_PATH=/usr/lib/gcc/x86_64-w64-mingw32/9.3-win32/:/usr/lib/gcc/x86_64-w64-mingw32/9.3-win32/../../../../x86_64-w64-mingw32/lib/]
  ignore line: [COLLECT_GCC_OPTIONS='-static-libgcc' '-D' '_USE_MATH_DEFINES' '-static-libgcc' '-D' '_USE_MATH_DEFINES' '-static' '-static' '-v' '-o' 'cmTC_eb5d0.exe' '-mtune=generic' '-march=x86-64']
  link line: [ /usr/lib/gcc/x86_64-w64-mingw32/9.3-win32/collect2 -plugin /usr/lib/gcc/x86_64-w64-mingw32/9.3-win32/liblto_plugin.so -plugin-opt=/usr/lib/gcc/x86_64-w64-mingw32/9.3-win32/lto-wrapper -plugin-opt=-fresolution=/tmp/ccBUAnCb.res -plugin-opt=-pass-through=-lmingw32 -plugin-opt=-pass-through=-lgcc -plugin-opt=-pass-through=-lgcc_eh -plugin-opt=-pass-through=-lmoldname -plugin-opt=-pass-through=-lmingwex -plugin-opt=-pass-through=-lmsvcrt -plugin-opt=-pass-through=-ladvapi32 -plugin-opt=-pass-through=-lshell32 -plugin-opt=-pass-through=-luser32 -plugin-opt=-pass-through=-lkernel32 -plugin-opt=-pass-through=-lmingw32 -plugin-opt=-pass-through=-lgcc -plugin-opt=-pass-through=-lgcc_eh -plugin-opt=-pass-through=-lmoldname -plugin-opt=-pass-through=-lmingwex -plugin-opt=-pass-through=-lmsvcrt -m i386pep -Bstatic -o cmTC_eb5d0.exe /usr/lib/gcc/x86_64-w64-mingw32/9.3-win32/../../../../x86_64-w64-mingw32/lib/crt2.o /usr/lib/gcc/x86_64-w64-mingw32/9.3-win32/crtbegin.o -L/usr/lib/gcc/x86_64-w64-mingw32/9.3-win32 -L/usr/lib/gcc/x86_64-w64-mingw32/9.3-win32/../../../../x86_64-w64-mingw32/lib --whole-archive CMakeFiles/cmTC_eb5d0.dir/objects.a --no-whole-archive --out-implib libcmTC_eb5d0.dll.a --major-image-version 0 --minor-image-version 0 -lstdc++ -lmingw32 -lgcc -lgcc_eh -lmoldname -lmingwex -lmsvcrt -ladvapi32 -lshell32 -luser32 -lkernel32 -lmingw32 -lgcc -lgcc_eh -lmoldname -lmingwex -lmsvcrt /usr/lib/gcc/x86_64-w64-mingw32/9.3-win32/crtend.o]
    arg [/usr/lib/gcc/x86_64-w64-mingw32/9.3-win32/collect2] ==> ignore
    arg [-plugin] ==> ignore
    arg [/usr/lib/gcc/x86_64-w64-mingw32/9.3-win32/liblto_plugin.so] ==> ignore
    arg [-plugin-opt=/usr/lib/gcc/x86_64-w64-mingw32/9.3-win32/lto-wrapper] ==> ignore
    arg [-plugin-opt=-fresolution=/tmp/ccBUAnCb.res] ==> ignore
    arg [-plugin-opt=-pass-through=-lmingw32] ==> ignore
    arg [-plugin-opt=-pass-through=-lgcc] ==> ignore
    arg [-plugin-opt=-pass-through=-lgcc_eh] ==> ignore
    arg [-plugin-opt=-pass-through=-lmoldname] ==> ignore
    arg [-plugin-opt=-pass-through=-lmingwex] ==> ignore
    arg [-plugin-opt=-pass-through=-lmsvcrt] ==> ignore
    arg [-plugin-opt=-pass-through=-ladvapi32] ==> ignore
    arg [-plugin-opt=-pass-through=-lshell32] ==> ignore
    arg [-plugin-opt=-pass-through=-luser32] ==> ignore
    arg [-plugin-opt=-pass-through=-lkernel32] ==> ignore
    arg [-plugin-opt=-pass-through=-lmingw32] ==> ignore
    arg [-plugin-opt=-pass-through=-lgcc] ==> ignore
    arg [-plugin-opt=-pass-through=-lgcc_eh] ==> ignore
    arg [-plugin-opt=-pass-through=-lmoldname] ==> ignore
    arg [-plugin-opt=-pass-through=-lmingwex] ==> ignore
    arg [-plugin-opt=-pass-through=-lmsvcrt] ==> ignore
    arg [-m] ==> ignore
    arg [i386pep] ==> ignore
    arg [-Bstatic] ==> ignore
    arg [-o] ==> ignore
    arg [cmTC_eb5d0.exe] ==> ignore
    arg [/usr/lib/gcc/x86_64-w64-mingw32/9.3-win32/../../../../x86_64-w64-mingw32/lib/crt2.o] ==> ignore
    arg [/usr/lib/gcc/x86_64-w64-mingw32/9.3-win32/crtbegin.o] ==> ignore
    arg [-L/usr/lib/gcc/x86_64-w64-mingw32/9.3-win32] ==> dir [/usr/lib/gcc/x86_64-w64-mingw32/9.3-win32]
    arg [-L/usr/lib/gcc/x86_64-w64-mingw32/9.3-win32/../../../../x86_64-w64-mingw32/lib] ==> dir [/usr/lib/gcc/x86_64-w64-mingw32/9.3-win32/../../../../x86_64-w64-mingw32/lib]
    arg [--whole-archive] ==> ignore
    arg [CMakeFiles/cmTC_eb5d0.dir/objects.a] ==> ignore
    arg [--no-whole-archive] ==> ignore
    arg [--out-implib] ==> ignore
    arg [libcmTC_eb5d0.dll.a] ==> ignore
    arg [--major-image-version] ==> ignore
    arg [0] ==> ignore
    arg [--minor-image-version] ==> ignore
    arg [0] ==> ignore
    arg [-lstdc++] ==> lib [stdc++]
    arg [-lmingw32] ==> lib [mingw32]
    arg [-lgcc] ==> lib [gcc]
    arg [-lgcc_eh] ==> lib [gcc_eh]
    arg [-lmoldname] ==> lib [moldname]
    arg [-lmingwex] ==> lib [mingwex]
    arg [-lmsvcrt] ==> lib [msvcrt]
    arg [-ladvapi32] ==> lib [advapi32]
    arg [-lshell32] ==> lib [shell32]
    arg [-luser32] ==> lib [user32]
    arg [-lkernel32] ==> lib [kernel32]
    arg [-lmingw32] ==> lib [mingw32]
    arg [-lgcc] ==> lib [gcc]
    arg [-lgcc_eh] ==> lib [gcc_eh]
    arg [-lmoldname] ==> lib [moldname]
    arg [-lmingwex] ==> lib [mingwex]
    arg [-lmsvcrt] ==> lib [msvcrt]
    arg [/usr/lib/gcc/x86_64-w64-mingw32/9.3-win32/crtend.o] ==> ignore
  remove lib [gcc_eh]
  remove lib [msvcrt]
  remove lib [gcc_eh]
  remove lib [msvcrt]
  collapse library dir [/usr/lib/gcc/x86_64-w64-mingw32/9.3-win32] ==> [/usr/lib/gcc/x86_64-w64-mingw32/9.3-win32]
  collapse library dir [/usr/lib/gcc/x86_64-w64-mingw32/9.3-win32/../../../../x86_64-w64-mingw32/lib] ==> [/usr/x86_64-w64-mingw32/lib]
  implicit libs: [stdc++;mingw32;gcc;moldname;mingwex;advapi32;shell32;user32;kernel32;mingw32;gcc;moldname;mingwex]
  implicit dirs: [/usr/lib/gcc/x86_64-w64-mingw32/9.3-win32;/usr/x86_64-w64-mingw32/lib]
  implicit fwks: []


